c:\users\formation\source\repos\clochesadlink\clochesadlink\x64\debug\main.obj
c:\users\formation\source\repos\clochesadlink\clochesadlink\x64\debug\clochesadlink.obj
c:\users\formation\source\repos\clochesadlink\clochesadlink\x64\debug\vc143.pdb
c:\users\formation\source\repos\clochesadlink\clochesadlink\x64\debug\moc_clochesadlink.obj
c:\users\formation\source\repos\clochesadlink\clochesadlink\x64\debug\qrc_clochesadlink.obj
c:\users\formation\source\repos\clochesadlink\clochesadlink\x64\debug\uic\ui_clochesadlink.h
c:\users\formation\source\repos\clochesadlink\clochesadlink\x64\debug\rcc\qrc_clochesadlink.cpp
c:\users\formation\source\repos\clochesadlink\clochesadlink\x64\debug\moc\moc_clochesadlink.cpp
c:\users\formation\source\repos\clochesadlink\x64\debug\clochesadlink.exe
c:\users\formation\source\repos\clochesadlink\x64\debug\clochesadlink.ilk
c:\users\formation\source\repos\clochesadlink\x64\debug\clochesadlink.pdb
c:\users\formation\source\repos\clochesadlink\clochesadlink\x64\debug\clochesadlink.tlog\cl.2576.write.1.tlog
c:\users\formation\source\repos\clochesadlink\clochesadlink\x64\debug\clochesadlink.tlog\cl.command.1.tlog
c:\users\formation\source\repos\clochesadlink\clochesadlink\x64\debug\clochesadlink.tlog\cl.items.tlog
c:\users\formation\source\repos\clochesadlink\clochesadlink\x64\debug\clochesadlink.tlog\cl.read.1.tlog
c:\users\formation\source\repos\clochesadlink\clochesadlink\x64\debug\clochesadlink.tlog\clochesadlink.write.1u.tlog
c:\users\formation\source\repos\clochesadlink\clochesadlink\x64\debug\clochesadlink.tlog\link.command.1.tlog
c:\users\formation\source\repos\clochesadlink\clochesadlink\x64\debug\clochesadlink.tlog\link.read.1.tlog
c:\users\formation\source\repos\clochesadlink\clochesadlink\x64\debug\clochesadlink.tlog\link.write.1.tlog
c:\users\formation\source\repos\clochesadlink\clochesadlink\x64\debug\clochesadlink.tlog\moc.read.1u.tlog
c:\users\formation\source\repos\clochesadlink\clochesadlink\x64\debug\clochesadlink.tlog\moc.write.1u.tlog
c:\users\formation\source\repos\clochesadlink\clochesadlink\x64\debug\clochesadlink.tlog\rcc.read.1u.tlog
c:\users\formation\source\repos\clochesadlink\clochesadlink\x64\debug\clochesadlink.tlog\rcc.write.1u.tlog
c:\users\formation\source\repos\clochesadlink\clochesadlink\x64\debug\clochesadlink.tlog\uic.read.1u.tlog
c:\users\formation\source\repos\clochesadlink\clochesadlink\x64\debug\clochesadlink.tlog\uic.write.1u.tlog
